11:10:59 INFO  : Registering command handlers for SDK TCF services
11:11:01 INFO  : Launching XSCT server: xsct -n -interactive /home/gustavo/wavegen/wavegen.sdk/temp_xsdb_launch_script.tcl
11:11:02 INFO  : XSCT server has started successfully.
11:11:02 INFO  : Successfully done setting XSCT server connection channel  
11:11:02 INFO  : Successfully done setting SDK workspace  
11:11:02 INFO  : Processing command line option -hwspec /home/gustavo/wavegen/wavegen.sdk/system_wrapper.hdf.
11:13:15 INFO  : 'targets -set -filter {jtag_cable_name =~ "Digilent Arty Z7 003017A4C81CA" && level==0} -index 1' command is executed.
11:13:15 INFO  : 'fpga -state' command is executed.
11:13:15 INFO  : Connected to target on host '181.47.10.131' and port '3121'.
11:13:15 WARN  : SDK version '2018.1' doesn't match hw_server version '2022.1'. Some debug features may not work.
11:13:19 INFO  : Jtag cable 'Digilent Arty Z7 003017A4C81CA' is selected.
11:13:19 INFO  : 'jtag frequency' command is executed.
11:13:19 INFO  : Sourcing of '/home/gustavo/wavegen/wavegen.sdk/system_wrapper_hw_platform_0/ps7_init.tcl' is done.
11:13:19 INFO  : Context for 'APU' is selected.
11:13:19 INFO  : Hardware design information is loaded from '/home/gustavo/wavegen/wavegen.sdk/system_wrapper_hw_platform_0/system.hdf'.
11:13:19 INFO  : 'configparams force-mem-access 1' command is executed.
11:13:19 INFO  : Context for 'APU' is selected.
11:13:20 INFO  : 'stop' command is executed.
11:13:33 INFO  : 'ps7_init' command is executed.
11:13:33 INFO  : 'ps7_post_config' command is executed.
11:13:33 INFO  : Context for processor 'ps7_cortexa9_0' is selected.
11:13:33 INFO  : Processor reset is completed for 'ps7_cortexa9_0'.
11:13:33 INFO  : Context for processor 'ps7_cortexa9_0' is selected.
11:13:34 INFO  : The application '/home/gustavo/wavegen/wavegen.sdk/wavegen_config/Debug/wavegen_config.elf' is downloaded to processor 'ps7_cortexa9_0'.
11:13:34 INFO  : 'configparams force-mem-access 0' command is executed.
11:13:34 INFO  : ----------------XSDB Script----------------
connect -url tcp:181.47.10.131:3121
source /home/gustavo/wavegen/wavegen.sdk/system_wrapper_hw_platform_0/ps7_init.tcl
targets -set -nocase -filter {name =~"APU*" && jtag_cable_name =~ "Digilent Arty Z7 003017A4C81CA"} -index 0
loadhw -hw /home/gustavo/wavegen/wavegen.sdk/system_wrapper_hw_platform_0/system.hdf -mem-ranges [list {0x40000000 0xbfffffff}]
configparams force-mem-access 1
targets -set -nocase -filter {name =~"APU*" && jtag_cable_name =~ "Digilent Arty Z7 003017A4C81CA"} -index 0
stop
ps7_init
ps7_post_config
targets -set -nocase -filter {name =~ "ARM*#0" && jtag_cable_name =~ "Digilent Arty Z7 003017A4C81CA"} -index 0
rst -processor
targets -set -nocase -filter {name =~ "ARM*#0" && jtag_cable_name =~ "Digilent Arty Z7 003017A4C81CA"} -index 0
dow /home/gustavo/wavegen/wavegen.sdk/wavegen_config/Debug/wavegen_config.elf
configparams force-mem-access 0
----------------End of Script----------------

11:13:34 INFO  : Memory regions updated for context APU
11:13:34 INFO  : Context for processor 'ps7_cortexa9_0' is selected.
11:13:34 INFO  : 'con' command is executed.
11:13:34 INFO  : ----------------XSDB Script (After Launch)----------------
targets -set -nocase -filter {name =~ "ARM*#0" && jtag_cable_name =~ "Digilent Arty Z7 003017A4C81CA"} -index 0
con
----------------End of Script----------------

11:13:34 INFO  : Launch script is exported to file '/home/gustavo/wavegen/wavegen.sdk/.sdk/launch_scripts/xilinx_c-c++_application_(system_debugger)/system_debugger_using_debug_wavegen_config.elf_on_local.tcl'
11:17:05 INFO  : Disconnected from the channel tcfchan#1.
11:17:07 INFO  : 'targets -set -filter {jtag_cable_name =~ "Digilent Arty Z7 003017A4C81CA" && level==0} -index 1' command is executed.
11:17:07 INFO  : 'fpga -state' command is executed.
11:17:07 INFO  : Connected to target on host '181.47.10.131' and port '3121'.
11:17:07 WARN  : SDK version '2018.1' doesn't match hw_server version '2022.1'. Some debug features may not work.
11:17:07 INFO  : Jtag cable 'Digilent Arty Z7 003017A4C81CA' is selected.
11:17:07 INFO  : 'jtag frequency' command is executed.
11:17:07 INFO  : Sourcing of '/home/gustavo/wavegen/wavegen.sdk/system_wrapper_hw_platform_0/ps7_init.tcl' is done.
11:17:07 INFO  : Context for 'APU' is selected.
11:17:09 INFO  : Hardware design information is loaded from '/home/gustavo/wavegen/wavegen.sdk/system_wrapper_hw_platform_0/system.hdf'.
11:17:09 INFO  : 'configparams force-mem-access 1' command is executed.
11:17:09 INFO  : Context for 'APU' is selected.
11:17:09 INFO  : 'stop' command is executed.
11:17:21 INFO  : 'ps7_init' command is executed.
11:17:21 INFO  : 'ps7_post_config' command is executed.
11:17:22 INFO  : Context for processor 'ps7_cortexa9_0' is selected.
11:17:22 INFO  : Processor reset is completed for 'ps7_cortexa9_0'.
11:17:22 INFO  : Context for processor 'ps7_cortexa9_0' is selected.
11:17:22 INFO  : The application '/home/gustavo/wavegen/wavegen.sdk/wavegen_config/Debug/wavegen_config.elf' is downloaded to processor 'ps7_cortexa9_0'.
11:17:22 INFO  : 'configparams force-mem-access 0' command is executed.
11:17:22 INFO  : ----------------XSDB Script----------------
connect -url tcp:181.47.10.131:3121
source /home/gustavo/wavegen/wavegen.sdk/system_wrapper_hw_platform_0/ps7_init.tcl
targets -set -nocase -filter {name =~"APU*" && jtag_cable_name =~ "Digilent Arty Z7 003017A4C81CA"} -index 0
loadhw -hw /home/gustavo/wavegen/wavegen.sdk/system_wrapper_hw_platform_0/system.hdf -mem-ranges [list {0x40000000 0xbfffffff}]
configparams force-mem-access 1
targets -set -nocase -filter {name =~"APU*" && jtag_cable_name =~ "Digilent Arty Z7 003017A4C81CA"} -index 0
stop
ps7_init
ps7_post_config
targets -set -nocase -filter {name =~ "ARM*#0" && jtag_cable_name =~ "Digilent Arty Z7 003017A4C81CA"} -index 0
rst -processor
targets -set -nocase -filter {name =~ "ARM*#0" && jtag_cable_name =~ "Digilent Arty Z7 003017A4C81CA"} -index 0
dow /home/gustavo/wavegen/wavegen.sdk/wavegen_config/Debug/wavegen_config.elf
configparams force-mem-access 0
----------------End of Script----------------

11:17:23 INFO  : Memory regions updated for context APU
11:17:23 INFO  : Context for processor 'ps7_cortexa9_0' is selected.
11:17:23 INFO  : 'con' command is executed.
11:17:23 INFO  : ----------------XSDB Script (After Launch)----------------
targets -set -nocase -filter {name =~ "ARM*#0" && jtag_cable_name =~ "Digilent Arty Z7 003017A4C81CA"} -index 0
con
----------------End of Script----------------

11:17:23 INFO  : Launch script is exported to file '/home/gustavo/wavegen/wavegen.sdk/.sdk/launch_scripts/xilinx_c-c++_application_(system_debugger)/system_debugger_using_debug_wavegen_config.elf_on_local.tcl'
11:17:43 INFO  : Disconnected from the channel tcfchan#2.
